[debug] [2022-03-31T23:32:35.966Z] ----------------------------------------------------------------------
[debug] [2022-03-31T23:32:35.970Z] Command:       /usr/bin/node /usr/bin/firebase deploy
[debug] [2022-03-31T23:32:35.971Z] CLI Version:   10.5.0
[debug] [2022-03-31T23:32:35.971Z] Platform:      linux
[debug] [2022-03-31T23:32:35.971Z] Node Version:  v16.14.2
[debug] [2022-03-31T23:32:35.976Z] Time:          Thu Mar 31 2022 20:32:35 GMT-0300 (Brasilia Standard Time)
[debug] [2022-03-31T23:32:35.977Z] ----------------------------------------------------------------------
[debug] 
[debug] [2022-03-31T23:32:35.980Z] >>> [apiv2][query] GET https://firebase-public.firebaseio.com/cli.json [none]
[debug] [2022-03-31T23:32:36.059Z] > command requires scopes: ["email","openid","https://www.googleapis.com/auth/cloudplatformprojects.readonly","https://www.googleapis.com/auth/firebase","https://www.googleapis.com/auth/cloud-platform"]
[debug] [2022-03-31T23:32:36.059Z] > authorizing via signed-in user (fglfgl27@gmail.com)
[debug] [2022-03-31T23:32:36.059Z] [iam] checking project smarttv-client-for-twitch for permissions ["firebase.projects.get","firebasehosting.sites.update"]
[debug] [2022-03-31T23:32:36.060Z] > refreshing access token with scopes: []
[debug] [2022-03-31T23:32:36.061Z] >>> HTTP REQUEST POST https://www.googleapis.com/oauth2/v3/token  
 <request body omitted>
[debug] [2022-03-31T23:32:36.281Z] <<< HTTP RESPONSE 200 {"date":"Thu, 31 Mar 2022 23:32:36 GMT","expires":"Mon, 01 Jan 1990 00:00:00 GMT","cache-control":"no-cache, no-store, max-age=0, must-revalidate","pragma":"no-cache","content-type":"application/json; charset=utf-8","vary":"X-Origin, Referer, Origin,Accept-Encoding","server":"scaffolding on HTTPServer2","x-xss-protection":"0","x-frame-options":"SAMEORIGIN","x-content-type-options":"nosniff","alt-svc":"h3=\":443\"; ma=2592000,h3-29=\":443\"; ma=2592000,h3-Q050=\":443\"; ma=2592000,h3-Q046=\":443\"; ma=2592000,h3-Q043=\":443\"; ma=2592000,quic=\":443\"; ma=2592000; v=\"46,43\"","accept-ranges":"none","transfer-encoding":"chunked"}
[debug] [2022-03-31T23:32:36.295Z] >>> [apiv2][query] POST https://cloudresourcemanager.googleapis.com/v1/projects/smarttv-client-for-twitch:testIamPermissions [none]
[debug] [2022-03-31T23:32:36.295Z] >>> [apiv2][body] POST https://cloudresourcemanager.googleapis.com/v1/projects/smarttv-client-for-twitch:testIamPermissions {"permissions":["firebase.projects.get","firebasehosting.sites.update"]}
[debug] [2022-03-31T23:32:36.825Z] <<< [apiv2][status] GET https://firebase-public.firebaseio.com/cli.json 200
[debug] [2022-03-31T23:32:36.825Z] <<< [apiv2][body] GET https://firebase-public.firebaseio.com/cli.json {"cloudBuildErrorAfter":1594252800000,"cloudBuildWarnAfter":1590019200000,"defaultNode10After":1594252800000,"minVersion":"3.0.5","node8DeploysDisabledAfter":1613390400000,"node8RuntimeDisabledAfter":1615809600000,"node8WarnAfter":1600128000000}
[debug] [2022-03-31T23:32:37.235Z] <<< [apiv2][status] POST https://cloudresourcemanager.googleapis.com/v1/projects/smarttv-client-for-twitch:testIamPermissions 200
[debug] [2022-03-31T23:32:37.236Z] <<< [apiv2][body] POST https://cloudresourcemanager.googleapis.com/v1/projects/smarttv-client-for-twitch:testIamPermissions {"permissions":["firebase.projects.get","firebasehosting.sites.update"]}
[debug] [2022-03-31T23:32:37.238Z] >>> [apiv2][query] GET https://firebase.googleapis.com/v1beta1/projects/smarttv-client-for-twitch [none]
[debug] [2022-03-31T23:32:37.789Z] <<< [apiv2][status] GET https://firebase.googleapis.com/v1beta1/projects/smarttv-client-for-twitch 200
[debug] [2022-03-31T23:32:37.790Z] <<< [apiv2][body] GET https://firebase.googleapis.com/v1beta1/projects/smarttv-client-for-twitch {"projectId":"smarttv-client-for-twitch","projectNumber":"1005437974070","displayName":"SmartTV Client for Twitch","name":"projects/smarttv-client-for-twitch","resources":{"hostingSite":"smarttv-client-for-twitch","realtimeDatabaseInstance":"smarttv-client-for-twitch"},"state":"ACTIVE"}
[info] 
[info] === Deploying to 'smarttv-client-for-twitch'...
[info] 
[info] i  deploying hosting 
[debug] [2022-03-31T23:32:37.795Z] >>> [apiv2][query] GET https://firebase.googleapis.com/v1beta1/projects/smarttv-client-for-twitch [none]
[debug] [2022-03-31T23:32:38.255Z] <<< [apiv2][status] GET https://firebase.googleapis.com/v1beta1/projects/smarttv-client-for-twitch 200
[debug] [2022-03-31T23:32:38.255Z] <<< [apiv2][body] GET https://firebase.googleapis.com/v1beta1/projects/smarttv-client-for-twitch {"projectId":"smarttv-client-for-twitch","projectNumber":"1005437974070","displayName":"SmartTV Client for Twitch","name":"projects/smarttv-client-for-twitch","resources":{"hostingSite":"smarttv-client-for-twitch","realtimeDatabaseInstance":"smarttv-client-for-twitch"},"state":"ACTIVE"}
[debug] [2022-03-31T23:32:38.259Z] >>> [apiv2][query] POST https://firebasehosting.googleapis.com/v1beta1/projects/1005437974070/sites/smarttv-client-for-twitch/versions [none]
[debug] [2022-03-31T23:32:38.259Z] >>> [apiv2][body] POST https://firebasehosting.googleapis.com/v1beta1/projects/1005437974070/sites/smarttv-client-for-twitch/versions {"config":{},"labels":{"deployment-tool":"cli-firebase"}}
[debug] [2022-03-31T23:32:39.781Z] <<< [apiv2][status] POST https://firebasehosting.googleapis.com/v1beta1/projects/1005437974070/sites/smarttv-client-for-twitch/versions 200
[debug] [2022-03-31T23:32:39.781Z] <<< [apiv2][body] POST https://firebasehosting.googleapis.com/v1beta1/projects/1005437974070/sites/smarttv-client-for-twitch/versions {"name":"projects/1005437974070/sites/smarttv-client-for-twitch/versions/1630b4d0a9951aef","status":"CREATED","config":{},"labels":{"deployment-tool":"cli-firebase"}}
[info] i  hosting[smarttv-client-for-twitch]: beginning deploy... 
[info] i  hosting[smarttv-client-for-twitch]: found 21 files in release 
[debug] [2022-03-31T23:32:39.799Z] [hosting] uploading with 200 concurrency
[debug] [2022-03-31T23:32:40.062Z] [hosting] hash cache [cmVsZWFzZQ] stored for 21 files
[debug] [2022-03-31T23:32:40.062Z] [hosting][hash queue][FINAL] {"max":256,"min":0,"avg":15.952380952380953,"active":0,"complete":21,"success":21,"errored":0,"retried":0,"total":21,"elapsed":261}
[debug] [2022-03-31T23:32:40.063Z] >>> [apiv2][query] POST https://firebasehosting.googleapis.com/v1beta1/projects/1005437974070/sites/smarttv-client-for-twitch/versions/1630b4d0a9951aef:populateFiles [none]
[debug] [2022-03-31T23:32:40.063Z] >>> [apiv2][body] POST https://firebasehosting.googleapis.com/v1beta1/projects/1005437974070/sites/smarttv-client-for-twitch/versions/1630b4d0a9951aef:populateFiles {"files":{"/404.html":"0dd752d1696a3d30c7feec109a26d6c5d824bb37d447cdc3fed43300449b10d7","/githubio/css/icons.css":"609fa9c5c25ab876e42d65ac4be6b47f1b4025ad66f13c26e0437c1443398033","/githubio/css/fonts/Roboto-Black.woff2":"a54d7bb08369a07ab7e79f0518147f13779033dfb7c99dbf3dbac9badf99bd03","/githubio/css/fonts/Roboto-Bold.woff":"c80e7d3c08b934f22eb4889c68c557024b4daafdc282fa19b609d2773d2bafa5","/githubio/css/fonts/Roboto-Bold.woff2":"7d25a1680f269c73cd43c7a5961c65832ac1213db3a746c5ac4a514631ac142f","/githubio/css/fonts/Roboto-Regular.woff":"94fd4d3de7a0b09802bc61ede868743f5bb74e399b294b6bc11d68ed7d1f4588","/githubio/css/fonts/Roboto-Regular.woff2":"85a8be7690e39ddcd28ebaa28d6a556d938380c4d686597f7d28e606fbad78c9","/githubio/css/fonts/icons.eot":"2e6de158ac6d37291bb75c37415b009985d30c81083c40f867f2fd9eaeeabb2e","/githubio/css/fonts/icons.svg":"37d8ba7dc2ee22270e3c946c8aca437c25528458a2402380800a2f83ef9e603f","/githubio/css/fonts/icons.ttf":"315c75d3dc4b622c5b6a2afe4b48423546be337c375eef3a75245beae5a0d1a9","/githubio/css/fonts/icons.woff":"c77f1cc0b0c1e0da96531d8bdf1d48d7eb83610b14abc6cd0d7138a6551ce2bf","/githubio/css/fonts/icons.woff2":"c614343eab1fbb78b12f56a292c2b6c9471dedcca85ad5ac704a4eed106aa79e","/githubio/version/javaversion":"2b3fe9c76ce67d5f4cdd473e10bfbe0786068c098c136e00bb2e2da8ba360aab","/githubio/version/webversion":"bf0c0bb14926b48ce750cb5a487d44a164812c4889b860d6dc37bc0bee3f670d","/extrapageindex.html":"48b7175dc684fb6c89869334ae2240758073093287eab14e3b52e100b6cae13b","/githubio/css/icons.min.css":"2cd600e2d57b364271110608e5f2f33f50edc0c7342ab7d2ccfffd6935e755ac","/githubio/js/Extrapage.js":"869c496dc2138dc4f3fe4e92438fdb5b41b9c9c441b31e08ca002b800c99ec8a","/githubio/version/version.json":"15d12a1aa0469e858e77c811bcd33a9a509e95fdbb742ff2cd823cfa8abbe0d4","/index.html":"d1806defa8a42c4b1f114ef9d2bca12d8a52004d328312b04303153571df50ca","/githubio/js/main.js":"0aecf9b3de1b6daf620eefc453c7409d7b476d1806ab327690499dad0704c998","/githubio/js/main_uncompressed.js":"69aa50a82bbcfdd67bc2a6db933855c64978082943474edd880886393e2eaa08"}}
[debug] [2022-03-31T23:32:41.288Z] <<< [apiv2][status] POST https://firebasehosting.googleapis.com/v1beta1/projects/1005437974070/sites/smarttv-client-for-twitch/versions/1630b4d0a9951aef:populateFiles 200
[debug] [2022-03-31T23:32:41.288Z] <<< [apiv2][body] POST https://firebasehosting.googleapis.com/v1beta1/projects/1005437974070/sites/smarttv-client-for-twitch/versions/1630b4d0a9951aef:populateFiles {"uploadRequiredHashes":["69aa50a82bbcfdd67bc2a6db933855c64978082943474edd880886393e2eaa08","0aecf9b3de1b6daf620eefc453c7409d7b476d1806ab327690499dad0704c998"],"uploadUrl":"https://upload-firebasehosting.googleapis.com/upload/sites/smarttv-client-for-twitch/versions/1630b4d0a9951aef/files"}
[debug] [2022-03-31T23:32:41.289Z] >>> [apiv2][query] POST https://upload-firebasehosting.googleapis.com/upload/sites/smarttv-client-for-twitch/versions/1630b4d0a9951aef/files/69aa50a82bbcfdd67bc2a6db933855c64978082943474edd880886393e2eaa08 [none]
[debug] [2022-03-31T23:32:41.289Z] >>> [apiv2][body] POST https://upload-firebasehosting.googleapis.com/upload/sites/smarttv-client-for-twitch/versions/1630b4d0a9951aef/files/69aa50a82bbcfdd67bc2a6db933855c64978082943474edd880886393e2eaa08 [stream]
[debug] [2022-03-31T23:32:41.291Z] >>> [apiv2][query] POST https://upload-firebasehosting.googleapis.com/upload/sites/smarttv-client-for-twitch/versions/1630b4d0a9951aef/files/0aecf9b3de1b6daf620eefc453c7409d7b476d1806ab327690499dad0704c998 [none]
[debug] [2022-03-31T23:32:41.291Z] >>> [apiv2][body] POST https://upload-firebasehosting.googleapis.com/upload/sites/smarttv-client-for-twitch/versions/1630b4d0a9951aef/files/0aecf9b3de1b6daf620eefc453c7409d7b476d1806ab327690499dad0704c998 [stream]
[debug] [2022-03-31T23:32:41.293Z] [hosting][populate queue][FINAL] {"max":1229,"min":1229,"avg":1229,"active":0,"complete":1,"success":1,"errored":0,"retried":0,"total":1,"elapsed":1233}
[debug] [2022-03-31T23:32:41.293Z] [hosting] uploads queued: 2
